{"/home/brian/Code/tic-tac-toe/src/app/App.tsx": {"path":"/home/brian/Code/tic-tac-toe/src/app/App.tsx","all":false,"statementMap":{"0":{"start":{"line":1,"column":0},"end":{"line":1,"column":35}},"1":{"start":{"line":2,"column":0},"end":{"line":2,"column":32}},"2":{"start":{"line":3,"column":0},"end":{"line":3,"column":50}},"3":{"start":{"line":4,"column":0},"end":{"line":4,"column":40}},"4":{"start":{"line":5,"column":0},"end":{"line":5,"column":79}},"5":{"start":{"line":6,"column":0},"end":{"line":6,"column":30}},"6":{"start":{"line":7,"column":0},"end":{"line":7,"column":50}},"7":{"start":{"line":8,"column":0},"end":{"line":8,"column":42}},"9":{"start":{"line":10,"column":0},"end":{"line":10,"column":16}},"10":{"start":{"line":11,"column":0},"end":{"line":11,"column":61}},"12":{"start":{"line":13,"column":0},"end":{"line":13,"column":10}},"13":{"start":{"line":14,"column":0},"end":{"line":14,"column":36}},"14":{"start":{"line":15,"column":0},"end":{"line":15,"column":49}},"15":{"start":{"line":16,"column":0},"end":{"line":16,"column":19}},"16":{"start":{"line":17,"column":0},"end":{"line":17,"column":19}},"17":{"start":{"line":18,"column":0},"end":{"line":18,"column":18}},"18":{"start":{"line":19,"column":0},"end":{"line":19,"column":28}},"19":{"start":{"line":20,"column":0},"end":{"line":20,"column":20}},"20":{"start":{"line":21,"column":0},"end":{"line":21,"column":22}},"21":{"start":{"line":22,"column":0},"end":{"line":22,"column":33}},"22":{"start":{"line":23,"column":0},"end":{"line":23,"column":23}},"24":{"start":{"line":25,"column":0},"end":{"line":25,"column":1}},"26":{"start":{"line":27,"column":0},"end":{"line":27,"column":19}}},"s":{"0":1,"1":1,"2":1,"3":1,"4":1,"5":1,"6":1,"7":1,"9":1,"10":1,"12":1,"13":1,"14":1,"15":1,"16":1,"17":1,"18":1,"19":1,"20":1,"21":1,"22":1,"24":1,"26":1},"branchMap":{"0":{"type":"branch","line":10,"loc":{"start":{"line":10,"column":0},"end":{"line":25,"column":1}},"locations":[{"start":{"line":10,"column":0},"end":{"line":25,"column":1}}]}},"b":{"0":[1]},"fnMap":{"0":{"name":"App","decl":{"start":{"line":10,"column":0},"end":{"line":25,"column":1}},"loc":{"start":{"line":10,"column":0},"end":{"line":25,"column":1}},"line":10}},"f":{"0":1}}
,"/home/brian/Code/tic-tac-toe/src/app/Cells.tsx": {"path":"/home/brian/Code/tic-tac-toe/src/app/Cells.tsx","all":false,"statementMap":{"1":{"start":{"line":2,"column":0},"end":{"line":2,"column":43}},"2":{"start":{"line":3,"column":0},"end":{"line":3,"column":63}},"3":{"start":{"line":4,"column":0},"end":{"line":4,"column":55}},"4":{"start":{"line":5,"column":0},"end":{"line":5,"column":79}},"7":{"start":{"line":8,"column":0},"end":{"line":8,"column":25}},"8":{"start":{"line":9,"column":0},"end":{"line":9,"column":49}},"9":{"start":{"line":10,"column":0},"end":{"line":10,"column":56}},"11":{"start":{"line":12,"column":0},"end":{"line":12,"column":40}},"12":{"start":{"line":13,"column":0},"end":{"line":13,"column":62}},"13":{"start":{"line":14,"column":0},"end":{"line":14,"column":4}},"15":{"start":{"line":16,"column":0},"end":{"line":16,"column":10}},"16":{"start":{"line":17,"column":0},"end":{"line":17,"column":10}},"17":{"start":{"line":18,"column":0},"end":{"line":18,"column":17}},"18":{"start":{"line":19,"column":0},"end":{"line":19,"column":75}},"21":{"start":{"line":22,"column":0},"end":{"line":22,"column":48}},"22":{"start":{"line":23,"column":0},"end":{"line":23,"column":14}},"23":{"start":{"line":24,"column":0},"end":{"line":24,"column":19}},"24":{"start":{"line":25,"column":0},"end":{"line":25,"column":51}},"25":{"start":{"line":26,"column":0},"end":{"line":26,"column":61}},"26":{"start":{"line":27,"column":0},"end":{"line":27,"column":42}},"27":{"start":{"line":28,"column":0},"end":{"line":28,"column":40}},"29":{"start":{"line":30,"column":0},"end":{"line":30,"column":45}},"30":{"start":{"line":31,"column":0},"end":{"line":31,"column":16}},"31":{"start":{"line":32,"column":0},"end":{"line":32,"column":9}},"32":{"start":{"line":33,"column":0},"end":{"line":33,"column":12}},"34":{"start":{"line":35,"column":0},"end":{"line":35,"column":1}},"36":{"start":{"line":37,"column":0},"end":{"line":37,"column":35}},"37":{"start":{"line":38,"column":0},"end":{"line":38,"column":32}},"39":{"start":{"line":40,"column":0},"end":{"line":40,"column":68}},"40":{"start":{"line":41,"column":0},"end":{"line":41,"column":45}},"41":{"start":{"line":42,"column":0},"end":{"line":42,"column":52}},"43":{"start":{"line":44,"column":0},"end":{"line":44,"column":28}},"44":{"start":{"line":45,"column":0},"end":{"line":45,"column":75}},"45":{"start":{"line":46,"column":0},"end":{"line":46,"column":60}},"46":{"start":{"line":47,"column":0},"end":{"line":47,"column":3}},"48":{"start":{"line":49,"column":0},"end":{"line":49,"column":43}},"49":{"start":{"line":50,"column":0},"end":{"line":50,"column":34}},"51":{"start":{"line":52,"column":0},"end":{"line":52,"column":24}},"52":{"start":{"line":53,"column":0},"end":{"line":53,"column":62}},"53":{"start":{"line":54,"column":0},"end":{"line":54,"column":20}},"54":{"start":{"line":55,"column":0},"end":{"line":55,"column":7}},"55":{"start":{"line":56,"column":0},"end":{"line":56,"column":4}},"57":{"start":{"line":58,"column":0},"end":{"line":58,"column":10}},"58":{"start":{"line":59,"column":0},"end":{"line":59,"column":6}},"59":{"start":{"line":60,"column":0},"end":{"line":60,"column":11}},"60":{"start":{"line":61,"column":0},"end":{"line":61,"column":21}},"61":{"start":{"line":62,"column":0},"end":{"line":62,"column":25}},"62":{"start":{"line":63,"column":0},"end":{"line":63,"column":26}},"63":{"start":{"line":64,"column":0},"end":{"line":64,"column":30}},"64":{"start":{"line":65,"column":0},"end":{"line":65,"column":42}},"65":{"start":{"line":66,"column":0},"end":{"line":66,"column":43}},"66":{"start":{"line":67,"column":0},"end":{"line":67,"column":8}},"67":{"start":{"line":68,"column":0},"end":{"line":68,"column":49}},"68":{"start":{"line":69,"column":0},"end":{"line":69,"column":46}},"69":{"start":{"line":70,"column":0},"end":{"line":70,"column":7}},"71":{"start":{"line":72,"column":0},"end":{"line":72,"column":1}},"73":{"start":{"line":74,"column":0},"end":{"line":74,"column":29}},"74":{"start":{"line":75,"column":0},"end":{"line":75,"column":10}},"75":{"start":{"line":76,"column":0},"end":{"line":76,"column":11}},"76":{"start":{"line":77,"column":0},"end":{"line":77,"column":23}},"77":{"start":{"line":78,"column":0},"end":{"line":78,"column":23}},"78":{"start":{"line":79,"column":0},"end":{"line":79,"column":28}},"79":{"start":{"line":80,"column":0},"end":{"line":80,"column":23}},"80":{"start":{"line":81,"column":0},"end":{"line":81,"column":20}},"81":{"start":{"line":82,"column":0},"end":{"line":82,"column":6}},"83":{"start":{"line":84,"column":0},"end":{"line":84,"column":1}},"85":{"start":{"line":86,"column":0},"end":{"line":86,"column":26}},"86":{"start":{"line":87,"column":0},"end":{"line":87,"column":10}},"87":{"start":{"line":88,"column":0},"end":{"line":88,"column":6}},"88":{"start":{"line":89,"column":0},"end":{"line":89,"column":11}},"89":{"start":{"line":90,"column":0},"end":{"line":90,"column":17}},"90":{"start":{"line":91,"column":0},"end":{"line":91,"column":24}},"91":{"start":{"line":92,"column":0},"end":{"line":92,"column":24}},"92":{"start":{"line":93,"column":0},"end":{"line":93,"column":30}},"93":{"start":{"line":94,"column":0},"end":{"line":94,"column":30}},"94":{"start":{"line":95,"column":0},"end":{"line":95,"column":10}},"95":{"start":{"line":96,"column":0},"end":{"line":96,"column":25}},"96":{"start":{"line":97,"column":0},"end":{"line":97,"column":24}},"97":{"start":{"line":98,"column":0},"end":{"line":98,"column":8}},"98":{"start":{"line":99,"column":0},"end":{"line":99,"column":11}},"99":{"start":{"line":100,"column":0},"end":{"line":100,"column":17}},"100":{"start":{"line":101,"column":0},"end":{"line":101,"column":30}},"101":{"start":{"line":102,"column":0},"end":{"line":102,"column":24}},"102":{"start":{"line":103,"column":0},"end":{"line":103,"column":24}},"103":{"start":{"line":104,"column":0},"end":{"line":104,"column":30}},"104":{"start":{"line":105,"column":0},"end":{"line":105,"column":10}},"105":{"start":{"line":106,"column":0},"end":{"line":106,"column":25}},"106":{"start":{"line":107,"column":0},"end":{"line":107,"column":24}},"107":{"start":{"line":108,"column":0},"end":{"line":108,"column":8}},"108":{"start":{"line":109,"column":0},"end":{"line":109,"column":7}},"110":{"start":{"line":111,"column":0},"end":{"line":111,"column":1}}},"s":{"1":1,"2":1,"3":1,"4":1,"7":1,"8":1,"9":1,"11":1,"12":0,"13":0,"15":1,"16":1,"17":1,"18":1,"21":1,"22":9,"23":9,"24":9,"25":9,"26":9,"27":9,"29":9,"30":9,"31":1,"32":1,"34":1,"36":1,"37":1,"39":1,"40":9,"41":9,"43":9,"44":9,"45":9,"46":9,"48":9,"49":0,"51":0,"52":0,"53":0,"54":0,"55":0,"57":9,"58":9,"59":9,"60":9,"61":9,"62":9,"63":9,"64":9,"65":9,"66":9,"67":9,"68":9,"69":9,"71":9,"73":0,"74":0,"75":0,"76":0,"77":0,"78":0,"79":0,"80":0,"81":0,"83":0,"85":0,"86":0,"87":0,"88":0,"89":0,"90":0,"91":0,"92":0,"93":0,"94":0,"95":0,"96":0,"97":0,"98":0,"99":0,"100":0,"101":0,"102":0,"103":0,"104":0,"105":0,"106":0,"107":0,"108":0,"110":0},"branchMap":{"0":{"type":"branch","line":8,"loc":{"start":{"line":8,"column":7},"end":{"line":35,"column":1}},"locations":[{"start":{"line":8,"column":7},"end":{"line":35,"column":1}}]},"1":{"type":"branch","line":19,"loc":{"start":{"line":19,"column":33},"end":{"line":19,"column":75}},"locations":[{"start":{"line":19,"column":33},"end":{"line":19,"column":75}}]},"2":{"type":"branch","line":22,"loc":{"start":{"line":22,"column":27},"end":{"line":31,"column":16}},"locations":[{"start":{"line":22,"column":27},"end":{"line":31,"column":16}}]},"3":{"type":"branch","line":40,"loc":{"start":{"line":40,"column":7},"end":{"line":72,"column":1}},"locations":[{"start":{"line":40,"column":7},"end":{"line":72,"column":1}}]},"4":{"type":"branch","line":68,"loc":{"start":{"line":68,"column":21},"end":{"line":68,"column":49}},"locations":[{"start":{"line":68,"column":21},"end":{"line":68,"column":49}}]},"5":{"type":"branch","line":69,"loc":{"start":{"line":69,"column":21},"end":{"line":69,"column":46}},"locations":[{"start":{"line":69,"column":21},"end":{"line":69,"column":46}}]},"6":{"type":"branch","line":44,"loc":{"start":{"line":44,"column":2},"end":{"line":47,"column":3}},"locations":[{"start":{"line":44,"column":2},"end":{"line":47,"column":3}}]},"7":{"type":"branch","line":46,"loc":{"start":{"line":46,"column":11},"end":{"line":46,"column":46}},"locations":[{"start":{"line":46,"column":11},"end":{"line":46,"column":46}}]}},"b":{"0":[1],"1":[0],"2":[9],"3":[9],"4":[0],"5":[0],"6":[9],"7":[0]},"fnMap":{"0":{"name":"Cells","decl":{"start":{"line":8,"column":7},"end":{"line":35,"column":1}},"loc":{"start":{"line":8,"column":7},"end":{"line":35,"column":1}},"line":8},"1":{"name":"onCellClick","decl":{"start":{"line":12,"column":22},"end":{"line":14,"column":4}},"loc":{"start":{"line":12,"column":22},"end":{"line":14,"column":4}},"line":12},"2":{"name":"onClick","decl":{"start":{"line":27,"column":19},"end":{"line":27,"column":42}},"loc":{"start":{"line":27,"column":19},"end":{"line":27,"column":42}},"line":27},"3":{"name":"onTap","decl":{"start":{"line":28,"column":17},"end":{"line":28,"column":40}},"loc":{"start":{"line":28,"column":17},"end":{"line":28,"column":40}},"line":28},"4":{"name":"Cell","decl":{"start":{"line":40,"column":7},"end":{"line":72,"column":1}},"loc":{"start":{"line":40,"column":7},"end":{"line":72,"column":1}},"line":40},"5":{"name":"cellFillColor","decl":{"start":{"line":44,"column":2},"end":{"line":47,"column":3}},"loc":{"start":{"line":44,"column":2},"end":{"line":47,"column":3}},"line":44},"6":{"name":"onHover","decl":{"start":{"line":49,"column":18},"end":{"line":56,"column":4}},"loc":{"start":{"line":49,"column":18},"end":{"line":56,"column":4}},"line":49},"7":{"name":"onMouseEnter","decl":{"start":{"line":65,"column":22},"end":{"line":65,"column":42}},"loc":{"start":{"line":65,"column":22},"end":{"line":65,"column":42}},"line":65},"8":{"name":"onMouseLeave","decl":{"start":{"line":66,"column":22},"end":{"line":66,"column":43}},"loc":{"start":{"line":66,"column":22},"end":{"line":66,"column":43}},"line":66},"9":{"name":"ComputerCellMark","decl":{"start":{"line":74,"column":0},"end":{"line":84,"column":1}},"loc":{"start":{"line":74,"column":0},"end":{"line":84,"column":1}},"line":74},"10":{"name":"HumanCellMark","decl":{"start":{"line":86,"column":0},"end":{"line":111,"column":1}},"loc":{"start":{"line":86,"column":0},"end":{"line":111,"column":1}},"line":86}},"f":{"0":1,"1":0,"2":0,"3":0,"4":9,"5":9,"6":0,"7":0,"8":0,"9":0,"10":0}}
,"/home/brian/Code/tic-tac-toe/src/app/ComputerPlayer.tsx": {"path":"/home/brian/Code/tic-tac-toe/src/app/ComputerPlayer.tsx","all":false,"statementMap":{"0":{"start":{"line":1,"column":0},"end":{"line":1,"column":35}},"1":{"start":{"line":2,"column":0},"end":{"line":2,"column":79}},"2":{"start":{"line":3,"column":0},"end":{"line":3,"column":46}},"5":{"start":{"line":6,"column":0},"end":{"line":6,"column":34}},"6":{"start":{"line":7,"column":0},"end":{"line":7,"column":51}},"7":{"start":{"line":8,"column":0},"end":{"line":8,"column":58}},"9":{"start":{"line":10,"column":0},"end":{"line":10,"column":83}},"10":{"start":{"line":11,"column":0},"end":{"line":11,"column":22}},"12":{"start":{"line":13,"column":0},"end":{"line":13,"column":46}},"13":{"start":{"line":14,"column":0},"end":{"line":14,"column":57}},"14":{"start":{"line":15,"column":0},"end":{"line":15,"column":55}},"15":{"start":{"line":16,"column":0},"end":{"line":16,"column":52}},"16":{"start":{"line":17,"column":0},"end":{"line":17,"column":16}},"17":{"start":{"line":18,"column":0},"end":{"line":18,"column":53}},"18":{"start":{"line":19,"column":0},"end":{"line":19,"column":9}},"20":{"start":{"line":21,"column":0},"end":{"line":21,"column":26}},"21":{"start":{"line":22,"column":0},"end":{"line":22,"column":73}},"22":{"start":{"line":23,"column":0},"end":{"line":23,"column":9}},"23":{"start":{"line":24,"column":0},"end":{"line":24,"column":5}},"25":{"start":{"line":26,"column":0},"end":{"line":26,"column":17}},"26":{"start":{"line":27,"column":0},"end":{"line":27,"column":1}},"28":{"start":{"line":29,"column":0},"end":{"line":29,"column":54}},"29":{"start":{"line":30,"column":0},"end":{"line":30,"column":30}},"30":{"start":{"line":31,"column":0},"end":{"line":31,"column":50}},"31":{"start":{"line":32,"column":0},"end":{"line":32,"column":33}},"32":{"start":{"line":33,"column":0},"end":{"line":33,"column":23}},"33":{"start":{"line":34,"column":0},"end":{"line":34,"column":9}},"34":{"start":{"line":35,"column":0},"end":{"line":35,"column":5}},"35":{"start":{"line":36,"column":0},"end":{"line":36,"column":16}},"36":{"start":{"line":37,"column":0},"end":{"line":37,"column":1}}},"s":{"0":1,"1":1,"2":1,"5":1,"6":1,"7":1,"9":1,"10":0,"12":0,"13":0,"14":0,"15":0,"16":0,"17":0,"18":0,"20":0,"21":0,"22":0,"23":0,"25":1,"26":1,"28":0,"29":0,"30":0,"31":0,"32":0,"33":0,"34":0,"35":0,"36":0},"branchMap":{"0":{"type":"branch","line":6,"loc":{"start":{"line":6,"column":7},"end":{"line":27,"column":1}},"locations":[{"start":{"line":6,"column":7},"end":{"line":27,"column":1}}]},"1":{"type":"branch","line":10,"loc":{"start":{"line":10,"column":82},"end":{"line":24,"column":5}},"locations":[{"start":{"line":10,"column":82},"end":{"line":24,"column":5}}]}},"b":{"0":[1],"1":[0]},"fnMap":{"0":{"name":"ComputerPlayer","decl":{"start":{"line":6,"column":7},"end":{"line":27,"column":1}},"loc":{"start":{"line":6,"column":7},"end":{"line":27,"column":1}},"line":6},"1":{"name":"findRandomMove","decl":{"start":{"line":29,"column":0},"end":{"line":37,"column":1}},"loc":{"start":{"line":29,"column":0},"end":{"line":37,"column":1}},"line":29}},"f":{"0":1,"1":0}}
,"/home/brian/Code/tic-tac-toe/src/app/GameStage.tsx": {"path":"/home/brian/Code/tic-tac-toe/src/app/GameStage.tsx","all":false,"statementMap":{"0":{"start":{"line":1,"column":0},"end":{"line":1,"column":36}},"1":{"start":{"line":2,"column":0},"end":{"line":2,"column":41}},"2":{"start":{"line":3,"column":0},"end":{"line":3,"column":60}},"4":{"start":{"line":5,"column":0},"end":{"line":5,"column":27}},"5":{"start":{"line":6,"column":0},"end":{"line":6,"column":11}},"6":{"start":{"line":7,"column":0},"end":{"line":7,"column":4}},"8":{"start":{"line":9,"column":0},"end":{"line":9,"column":4}},"9":{"start":{"line":10,"column":0},"end":{"line":10,"column":37}},"11":{"start":{"line":12,"column":0},"end":{"line":12,"column":10}},"12":{"start":{"line":13,"column":0},"end":{"line":13,"column":10}},"13":{"start":{"line":14,"column":0},"end":{"line":14,"column":30}},"14":{"start":{"line":15,"column":0},"end":{"line":15,"column":32}},"15":{"start":{"line":16,"column":0},"end":{"line":16,"column":44}},"16":{"start":{"line":17,"column":0},"end":{"line":17,"column":45}},"17":{"start":{"line":18,"column":0},"end":{"line":18,"column":56}},"19":{"start":{"line":20,"column":0},"end":{"line":20,"column":16}},"20":{"start":{"line":21,"column":0},"end":{"line":21,"column":12}},"22":{"start":{"line":23,"column":0},"end":{"line":23,"column":1}},"24":{"start":{"line":25,"column":0},"end":{"line":25,"column":26}},"27":{"start":{"line":28,"column":0},"end":{"line":28,"column":3}},"28":{"start":{"line":29,"column":0},"end":{"line":29,"column":60}},"30":{"start":{"line":31,"column":0},"end":{"line":31,"column":25}},"31":{"start":{"line":32,"column":0},"end":{"line":32,"column":27}},"32":{"start":{"line":33,"column":0},"end":{"line":33,"column":15}},"33":{"start":{"line":34,"column":0},"end":{"line":34,"column":33}},"34":{"start":{"line":35,"column":0},"end":{"line":35,"column":35}},"35":{"start":{"line":36,"column":0},"end":{"line":36,"column":9}},"36":{"start":{"line":37,"column":0},"end":{"line":37,"column":5}},"38":{"start":{"line":39,"column":0},"end":{"line":39,"column":50}},"39":{"start":{"line":40,"column":0},"end":{"line":40,"column":17}},"41":{"start":{"line":42,"column":0},"end":{"line":42,"column":66}},"42":{"start":{"line":43,"column":0},"end":{"line":43,"column":9}},"44":{"start":{"line":45,"column":0},"end":{"line":45,"column":14}},"45":{"start":{"line":46,"column":0},"end":{"line":46,"column":1}}},"s":{"0":1,"1":1,"2":1,"4":1,"5":2,"6":2,"8":2,"9":2,"11":2,"12":2,"13":2,"14":2,"15":2,"16":2,"17":2,"19":2,"20":2,"22":2,"24":2,"27":2,"28":2,"30":2,"31":1,"32":1,"33":1,"34":1,"35":1,"36":1,"38":1,"39":1,"41":1,"42":2,"44":2,"45":2},"branchMap":{"0":{"type":"branch","line":5,"loc":{"start":{"line":5,"column":7},"end":{"line":23,"column":1}},"locations":[{"start":{"line":5,"column":7},"end":{"line":23,"column":1}}]},"1":{"type":"branch","line":25,"loc":{"start":{"line":25,"column":0},"end":{"line":46,"column":1}},"locations":[{"start":{"line":25,"column":0},"end":{"line":46,"column":1}}]},"2":{"type":"branch","line":31,"loc":{"start":{"line":31,"column":18},"end":{"line":43,"column":5}},"locations":[{"start":{"line":31,"column":18},"end":{"line":43,"column":5}}]},"3":{"type":"branch","line":32,"loc":{"start":{"line":32,"column":4},"end":{"line":37,"column":5}},"locations":[{"start":{"line":32,"column":4},"end":{"line":37,"column":5}}]},"4":{"type":"branch","line":42,"loc":{"start":{"line":42,"column":11},"end":{"line":42,"column":66}},"locations":[{"start":{"line":42,"column":11},"end":{"line":42,"column":66}}]}},"b":{"0":[2],"1":[2],"2":[1],"3":[1],"4":[1]},"fnMap":{"0":{"name":"GameStage","decl":{"start":{"line":5,"column":7},"end":{"line":23,"column":1}},"loc":{"start":{"line":5,"column":7},"end":{"line":23,"column":1}},"line":5},"1":{"name":"useWindowSize","decl":{"start":{"line":25,"column":0},"end":{"line":46,"column":1}},"loc":{"start":{"line":25,"column":0},"end":{"line":46,"column":1}},"line":25},"2":{"name":"updateSize","decl":{"start":{"line":32,"column":4},"end":{"line":37,"column":5}},"loc":{"start":{"line":32,"column":4},"end":{"line":37,"column":5}},"line":32}},"f":{"0":2,"1":2,"2":1}}
,"/home/brian/Code/tic-tac-toe/src/app/GameStateConext.ts": {"path":"/home/brian/Code/tic-tac-toe/src/app/GameStateConext.ts","all":false,"statementMap":{"0":{"start":{"line":1,"column":0},"end":{"line":1,"column":59}},"1":{"start":{"line":2,"column":0},"end":{"line":2,"column":63}},"3":{"start":{"line":4,"column":0},"end":{"line":4,"column":64}},"4":{"start":{"line":5,"column":0},"end":{"line":5,"column":99}}},"s":{"0":1,"1":1,"3":1,"4":1},"branchMap":{},"b":{},"fnMap":{},"f":{}}
,"/home/brian/Code/tic-tac-toe/src/app/Grid.tsx": {"path":"/home/brian/Code/tic-tac-toe/src/app/Grid.tsx","all":false,"statementMap":{"0":{"start":{"line":1,"column":0},"end":{"line":1,"column":42}},"1":{"start":{"line":2,"column":0},"end":{"line":2,"column":67}},"3":{"start":{"line":4,"column":0},"end":{"line":4,"column":24}},"4":{"start":{"line":5,"column":0},"end":{"line":5,"column":10}},"5":{"start":{"line":6,"column":0},"end":{"line":6,"column":29}},"6":{"start":{"line":7,"column":0},"end":{"line":7,"column":34}},"7":{"start":{"line":8,"column":0},"end":{"line":8,"column":34}},"8":{"start":{"line":9,"column":0},"end":{"line":9,"column":36}},"9":{"start":{"line":10,"column":0},"end":{"line":10,"column":36}},"10":{"start":{"line":11,"column":0},"end":{"line":11,"column":12}},"12":{"start":{"line":13,"column":0},"end":{"line":13,"column":1}},"14":{"start":{"line":15,"column":0},"end":{"line":15,"column":52}},"15":{"start":{"line":16,"column":0},"end":{"line":16,"column":10}},"16":{"start":{"line":17,"column":0},"end":{"line":17,"column":13}},"17":{"start":{"line":18,"column":0},"end":{"line":18,"column":15}},"18":{"start":{"line":19,"column":0},"end":{"line":19,"column":40}},"19":{"start":{"line":20,"column":0},"end":{"line":20,"column":22}},"20":{"start":{"line":21,"column":0},"end":{"line":21,"column":40}},"21":{"start":{"line":22,"column":0},"end":{"line":22,"column":35}},"22":{"start":{"line":23,"column":0},"end":{"line":23,"column":8}},"23":{"start":{"line":24,"column":0},"end":{"line":24,"column":16}},"25":{"start":{"line":26,"column":0},"end":{"line":26,"column":1}},"27":{"start":{"line":28,"column":0},"end":{"line":28,"column":54}},"28":{"start":{"line":29,"column":0},"end":{"line":29,"column":10}},"29":{"start":{"line":30,"column":0},"end":{"line":30,"column":13}},"30":{"start":{"line":31,"column":0},"end":{"line":31,"column":15}},"31":{"start":{"line":32,"column":0},"end":{"line":32,"column":22}},"32":{"start":{"line":33,"column":0},"end":{"line":33,"column":40}},"33":{"start":{"line":34,"column":0},"end":{"line":34,"column":35}},"34":{"start":{"line":35,"column":0},"end":{"line":35,"column":40}},"35":{"start":{"line":36,"column":0},"end":{"line":36,"column":8}},"36":{"start":{"line":37,"column":0},"end":{"line":37,"column":16}},"38":{"start":{"line":39,"column":0},"end":{"line":39,"column":1}},"40":{"start":{"line":41,"column":0},"end":{"line":41,"column":53}},"41":{"start":{"line":42,"column":0},"end":{"line":42,"column":65}},"42":{"start":{"line":43,"column":0},"end":{"line":43,"column":1}}},"s":{"0":1,"1":1,"3":1,"4":1,"5":1,"6":1,"7":1,"8":1,"9":1,"10":1,"12":1,"14":2,"15":2,"16":2,"17":2,"18":2,"19":2,"20":2,"21":2,"22":2,"23":2,"25":2,"27":2,"28":2,"29":2,"30":2,"31":2,"32":2,"33":2,"34":2,"35":2,"36":2,"38":2,"40":4,"41":4,"42":4},"branchMap":{"0":{"type":"branch","line":4,"loc":{"start":{"line":4,"column":7},"end":{"line":13,"column":1}},"locations":[{"start":{"line":4,"column":7},"end":{"line":13,"column":1}}]},"1":{"type":"branch","line":15,"loc":{"start":{"line":15,"column":0},"end":{"line":26,"column":1}},"locations":[{"start":{"line":15,"column":0},"end":{"line":26,"column":1}}]},"2":{"type":"branch","line":28,"loc":{"start":{"line":28,"column":0},"end":{"line":39,"column":1}},"locations":[{"start":{"line":28,"column":0},"end":{"line":39,"column":1}}]},"3":{"type":"branch","line":41,"loc":{"start":{"line":41,"column":0},"end":{"line":43,"column":1}},"locations":[{"start":{"line":41,"column":0},"end":{"line":43,"column":1}}]}},"b":{"0":[1],"1":[2],"2":[2],"3":[4]},"fnMap":{"0":{"name":"Grid","decl":{"start":{"line":4,"column":7},"end":{"line":13,"column":1}},"loc":{"start":{"line":4,"column":7},"end":{"line":13,"column":1}},"line":4},"1":{"name":"VerticalGridLine","decl":{"start":{"line":15,"column":0},"end":{"line":26,"column":1}},"loc":{"start":{"line":15,"column":0},"end":{"line":26,"column":1}},"line":15},"2":{"name":"HorizontalGridLine","decl":{"start":{"line":28,"column":0},"end":{"line":39,"column":1}},"loc":{"start":{"line":28,"column":0},"end":{"line":39,"column":1}},"line":28},"3":{"name":"GridLine","decl":{"start":{"line":41,"column":0},"end":{"line":43,"column":1}},"loc":{"start":{"line":41,"column":0},"end":{"line":43,"column":1}},"line":41}},"f":{"0":1,"1":2,"2":2,"3":4}}
,"/home/brian/Code/tic-tac-toe/src/app/MenuDialog.tsx": {"path":"/home/brian/Code/tic-tac-toe/src/app/MenuDialog.tsx","all":false,"statementMap":{"0":{"start":{"line":1,"column":0},"end":{"line":1,"column":61}},"1":{"start":{"line":2,"column":0},"end":{"line":2,"column":79}},"4":{"start":{"line":5,"column":0},"end":{"line":5,"column":30}},"5":{"start":{"line":6,"column":0},"end":{"line":6,"column":54}},"7":{"start":{"line":8,"column":0},"end":{"line":8,"column":10}},"8":{"start":{"line":9,"column":0},"end":{"line":9,"column":32}},"9":{"start":{"line":10,"column":0},"end":{"line":10,"column":26}},"10":{"start":{"line":11,"column":0},"end":{"line":11,"column":64}},"11":{"start":{"line":12,"column":0},"end":{"line":12,"column":68}},"12":{"start":{"line":13,"column":0},"end":{"line":13,"column":27}},"15":{"start":{"line":16,"column":0},"end":{"line":16,"column":1}},"17":{"start":{"line":18,"column":0},"end":{"line":18,"column":29}},"18":{"start":{"line":19,"column":0},"end":{"line":19,"column":11}},"19":{"start":{"line":20,"column":0},"end":{"line":20,"column":4}},"21":{"start":{"line":22,"column":0},"end":{"line":22,"column":4}},"22":{"start":{"line":23,"column":0},"end":{"line":23,"column":10}},"23":{"start":{"line":24,"column":0},"end":{"line":24,"column":11}},"24":{"start":{"line":25,"column":0},"end":{"line":25,"column":10}},"25":{"start":{"line":26,"column":0},"end":{"line":26,"column":118}},"27":{"start":{"line":28,"column":0},"end":{"line":28,"column":16}},"28":{"start":{"line":29,"column":0},"end":{"line":29,"column":13}},"30":{"start":{"line":31,"column":0},"end":{"line":31,"column":1}},"32":{"start":{"line":33,"column":0},"end":{"line":33,"column":34}},"33":{"start":{"line":34,"column":0},"end":{"line":34,"column":56}},"34":{"start":{"line":35,"column":0},"end":{"line":35,"column":67}},"35":{"start":{"line":36,"column":0},"end":{"line":36,"column":76}},"37":{"start":{"line":38,"column":0},"end":{"line":38,"column":27}},"38":{"start":{"line":39,"column":0},"end":{"line":39,"column":85}},"39":{"start":{"line":40,"column":0},"end":{"line":40,"column":3}},"41":{"start":{"line":42,"column":0},"end":{"line":42,"column":29}},"42":{"start":{"line":43,"column":0},"end":{"line":43,"column":55}},"43":{"start":{"line":44,"column":0},"end":{"line":44,"column":3}},"45":{"start":{"line":46,"column":0},"end":{"line":46,"column":10}},"46":{"start":{"line":47,"column":0},"end":{"line":47,"column":53}},"47":{"start":{"line":48,"column":0},"end":{"line":48,"column":24}},"48":{"start":{"line":49,"column":0},"end":{"line":49,"column":38}},"49":{"start":{"line":50,"column":0},"end":{"line":50,"column":13}},"50":{"start":{"line":51,"column":0},"end":{"line":51,"column":34}},"51":{"start":{"line":52,"column":0},"end":{"line":52,"column":19}},"53":{"start":{"line":54,"column":0},"end":{"line":54,"column":121}},"54":{"start":{"line":55,"column":0},"end":{"line":55,"column":74}},"55":{"start":{"line":56,"column":0},"end":{"line":56,"column":82}},"56":{"start":{"line":57,"column":0},"end":{"line":57,"column":81}},"57":{"start":{"line":58,"column":0},"end":{"line":58,"column":25}},"58":{"start":{"line":59,"column":0},"end":{"line":59,"column":20}},"59":{"start":{"line":60,"column":0},"end":{"line":60,"column":58}},"60":{"start":{"line":61,"column":0},"end":{"line":61,"column":14}},"61":{"start":{"line":62,"column":0},"end":{"line":62,"column":13}},"62":{"start":{"line":63,"column":0},"end":{"line":63,"column":31}},"63":{"start":{"line":64,"column":0},"end":{"line":64,"column":17}},"65":{"start":{"line":66,"column":0},"end":{"line":66,"column":95}},"66":{"start":{"line":67,"column":0},"end":{"line":67,"column":18}},"67":{"start":{"line":68,"column":0},"end":{"line":68,"column":69}},"68":{"start":{"line":69,"column":0},"end":{"line":69,"column":14}},"69":{"start":{"line":70,"column":0},"end":{"line":70,"column":16}},"70":{"start":{"line":71,"column":0},"end":{"line":71,"column":10}},"72":{"start":{"line":73,"column":0},"end":{"line":73,"column":1}},"74":{"start":{"line":75,"column":0},"end":{"line":75,"column":38}},"75":{"start":{"line":76,"column":0},"end":{"line":76,"column":50}},"76":{"start":{"line":77,"column":0},"end":{"line":77,"column":56}},"78":{"start":{"line":79,"column":0},"end":{"line":79,"column":29}},"79":{"start":{"line":80,"column":0},"end":{"line":80,"column":42}},"80":{"start":{"line":81,"column":0},"end":{"line":81,"column":3}},"82":{"start":{"line":83,"column":0},"end":{"line":83,"column":10}},"83":{"start":{"line":84,"column":0},"end":{"line":84,"column":29}},"84":{"start":{"line":85,"column":0},"end":{"line":85,"column":10}},"85":{"start":{"line":86,"column":0},"end":{"line":86,"column":52}},"86":{"start":{"line":87,"column":0},"end":{"line":87,"column":53}},"87":{"start":{"line":88,"column":0},"end":{"line":88,"column":60}},"88":{"start":{"line":89,"column":0},"end":{"line":89,"column":11}},"89":{"start":{"line":90,"column":0},"end":{"line":90,"column":55}},"90":{"start":{"line":91,"column":0},"end":{"line":91,"column":14}},"92":{"start":{"line":93,"column":0},"end":{"line":93,"column":1}}},"s":{"0":1,"1":1,"4":1,"5":1,"7":1,"8":1,"9":1,"10":1,"11":1,"12":1,"15":1,"17":1,"18":1,"19":1,"21":1,"22":1,"23":1,"24":1,"25":1,"27":1,"28":1,"30":1,"32":1,"33":1,"34":1,"35":1,"37":1,"38":0,"39":0,"41":1,"42":0,"43":0,"45":1,"46":1,"47":1,"48":1,"49":1,"50":1,"51":1,"53":1,"54":1,"55":1,"56":1,"57":1,"58":1,"59":1,"60":1,"61":1,"62":1,"63":1,"65":1,"66":1,"67":1,"68":1,"69":1,"70":1,"72":1,"74":0,"75":0,"76":0,"78":0,"79":0,"80":0,"82":0,"83":0,"84":0,"85":0,"86":0,"87":0,"88":0,"89":0,"90":0,"92":0},"branchMap":{"0":{"type":"branch","line":5,"loc":{"start":{"line":5,"column":7},"end":{"line":16,"column":1}},"locations":[{"start":{"line":5,"column":7},"end":{"line":16,"column":1}}]},"1":{"type":"branch","line":12,"loc":{"start":{"line":12,"column":24},"end":{"line":12,"column":68}},"locations":[{"start":{"line":12,"column":24},"end":{"line":12,"column":68}}]},"2":{"type":"branch","line":18,"loc":{"start":{"line":18,"column":0},"end":{"line":31,"column":1}},"locations":[{"start":{"line":18,"column":0},"end":{"line":31,"column":1}}]},"3":{"type":"branch","line":33,"loc":{"start":{"line":33,"column":0},"end":{"line":73,"column":1}},"locations":[{"start":{"line":33,"column":0},"end":{"line":73,"column":1}}]}},"b":{"0":[1],"1":[0],"2":[1],"3":[1]},"fnMap":{"0":{"name":"MenuDialog","decl":{"start":{"line":5,"column":7},"end":{"line":16,"column":1}},"loc":{"start":{"line":5,"column":7},"end":{"line":16,"column":1}},"line":5},"1":{"name":"DialogWithBackdrop","decl":{"start":{"line":18,"column":0},"end":{"line":31,"column":1}},"loc":{"start":{"line":18,"column":0},"end":{"line":31,"column":1}},"line":18},"2":{"name":"MainMenuDialogContent","decl":{"start":{"line":33,"column":0},"end":{"line":73,"column":1}},"loc":{"start":{"line":33,"column":0},"end":{"line":73,"column":1}},"line":33},"3":{"name":"onStartClick","decl":{"start":{"line":38,"column":2},"end":{"line":40,"column":3}},"loc":{"start":{"line":38,"column":2},"end":{"line":40,"column":3}},"line":38},"4":{"name":"onConnectClick","decl":{"start":{"line":42,"column":2},"end":{"line":44,"column":3}},"loc":{"start":{"line":42,"column":2},"end":{"line":44,"column":3}},"line":42},"5":{"name":"onChange","decl":{"start":{"line":54,"column":71},"end":{"line":54,"column":121}},"loc":{"start":{"line":54,"column":71},"end":{"line":54,"column":121}},"line":54},"6":{"name":"onChange","decl":{"start":{"line":66,"column":58},"end":{"line":66,"column":93}},"loc":{"start":{"line":66,"column":58},"end":{"line":66,"column":93}},"line":66},"7":{"name":"GameFinishedDialogContent","decl":{"start":{"line":75,"column":0},"end":{"line":93,"column":1}},"loc":{"start":{"line":75,"column":0},"end":{"line":93,"column":1}},"line":75}},"f":{"0":1,"1":1,"2":1,"3":0,"4":0,"5":0,"6":0,"7":0}}
,"/home/brian/Code/tic-tac-toe/src/app/constants.ts": {"path":"/home/brian/Code/tic-tac-toe/src/app/constants.ts","all":false,"statementMap":{"0":{"start":{"line":1,"column":0},"end":{"line":1,"column":30}},"1":{"start":{"line":2,"column":0},"end":{"line":2,"column":32}},"4":{"start":{"line":5,"column":0},"end":{"line":5,"column":62}}},"s":{"0":1,"1":1,"4":1},"branchMap":{},"b":{},"fnMap":{},"f":{}}
,"/home/brian/Code/tic-tac-toe/src/app/main.tsx": {"path":"/home/brian/Code/tic-tac-toe/src/app/main.tsx","all":true,"statementMap":{"0":{"start":{"line":1,"column":0},"end":{"line":1,"column":35}},"1":{"start":{"line":2,"column":0},"end":{"line":2,"column":46}},"2":{"start":{"line":3,"column":0},"end":{"line":3,"column":21}},"3":{"start":{"line":4,"column":0},"end":{"line":4,"column":28}},"5":{"start":{"line":6,"column":0},"end":{"line":6,"column":52}},"6":{"start":{"line":7,"column":0},"end":{"line":7,"column":14}},"7":{"start":{"line":8,"column":0},"end":{"line":8,"column":11}},"8":{"start":{"line":9,"column":0},"end":{"line":9,"column":16}},"9":{"start":{"line":10,"column":0},"end":{"line":10,"column":2}}},"s":{"0":0,"1":0,"2":0,"3":0,"5":0,"6":0,"7":0,"8":0,"9":0},"branchMap":{"0":{"type":"branch","line":1,"loc":{"start":{"line":1,"column":207},"end":{"line":10,"column":-150}},"locations":[{"start":{"line":1,"column":207},"end":{"line":10,"column":-150}}]}},"b":{"0":[0]},"fnMap":{"0":{"name":"(empty-report)","decl":{"start":{"line":1,"column":207},"end":{"line":10,"column":-150}},"loc":{"start":{"line":1,"column":207},"end":{"line":10,"column":-150}},"line":1}},"f":{"0":0}}
,"/home/brian/Code/tic-tac-toe/src/app/core/hasWinner.ts": {"path":"/home/brian/Code/tic-tac-toe/src/app/core/hasWinner.ts","all":false,"statementMap":{"2":{"start":{"line":3,"column":0},"end":{"line":3,"column":21}},"4":{"start":{"line":5,"column":0},"end":{"line":5,"column":75}},"5":{"start":{"line":6,"column":0},"end":{"line":6,"column":63}},"6":{"start":{"line":7,"column":0},"end":{"line":7,"column":30}},"7":{"start":{"line":8,"column":0},"end":{"line":8,"column":66}},"8":{"start":{"line":9,"column":0},"end":{"line":9,"column":12}},"9":{"start":{"line":10,"column":0},"end":{"line":10,"column":25}},"10":{"start":{"line":11,"column":0},"end":{"line":11,"column":5}},"11":{"start":{"line":12,"column":0},"end":{"line":12,"column":1}},"13":{"start":{"line":14,"column":0},"end":{"line":14,"column":85}},"15":{"start":{"line":16,"column":0},"end":{"line":16,"column":46}},"16":{"start":{"line":17,"column":0},"end":{"line":17,"column":36}},"17":{"start":{"line":18,"column":0},"end":{"line":18,"column":100}},"18":{"start":{"line":19,"column":0},"end":{"line":19,"column":27}},"19":{"start":{"line":20,"column":0},"end":{"line":20,"column":5}},"20":{"start":{"line":21,"column":0},"end":{"line":21,"column":3}},"23":{"start":{"line":24,"column":0},"end":{"line":24,"column":55}},"24":{"start":{"line":25,"column":0},"end":{"line":25,"column":100}},"25":{"start":{"line":26,"column":0},"end":{"line":26,"column":27}},"26":{"start":{"line":27,"column":0},"end":{"line":27,"column":5}},"27":{"start":{"line":28,"column":0},"end":{"line":28,"column":3}},"30":{"start":{"line":31,"column":0},"end":{"line":31,"column":53}},"31":{"start":{"line":32,"column":0},"end":{"line":32,"column":16}},"32":{"start":{"line":33,"column":0},"end":{"line":33,"column":3}},"35":{"start":{"line":36,"column":0},"end":{"line":36,"column":53}},"36":{"start":{"line":37,"column":0},"end":{"line":37,"column":16}},"37":{"start":{"line":38,"column":0},"end":{"line":38,"column":3}},"39":{"start":{"line":40,"column":0},"end":{"line":40,"column":19}},"40":{"start":{"line":41,"column":0},"end":{"line":41,"column":1}}},"s":{"2":1,"4":1,"5":1414,"6":1414,"7":584,"8":1414,"9":830,"10":830,"11":1414,"13":1414,"15":1414,"16":3813,"17":3813,"18":300,"19":300,"20":3813,"23":1414,"24":3203,"25":139,"26":139,"27":3203,"30":1414,"31":37,"32":37,"35":1414,"36":108,"37":108,"39":830,"40":830},"branchMap":{"0":{"type":"branch","line":5,"loc":{"start":{"line":5,"column":7},"end":{"line":12,"column":1}},"locations":[{"start":{"line":5,"column":7},"end":{"line":12,"column":1}}]},"1":{"type":"branch","line":7,"loc":{"start":{"line":7,"column":29},"end":{"line":9,"column":11}},"locations":[{"start":{"line":7,"column":29},"end":{"line":9,"column":11}}]},"2":{"type":"branch","line":8,"loc":{"start":{"line":8,"column":39},"end":{"line":8,"column":55}},"locations":[{"start":{"line":8,"column":39},"end":{"line":8,"column":55}}]},"3":{"type":"branch","line":8,"loc":{"start":{"line":8,"column":45},"end":{"line":8,"column":66}},"locations":[{"start":{"line":8,"column":45},"end":{"line":8,"column":66}}]},"4":{"type":"branch","line":9,"loc":{"start":{"line":9,"column":4},"end":{"line":11,"column":5}},"locations":[{"start":{"line":9,"column":4},"end":{"line":11,"column":5}}]},"5":{"type":"branch","line":14,"loc":{"start":{"line":14,"column":0},"end":{"line":41,"column":1}},"locations":[{"start":{"line":14,"column":0},"end":{"line":41,"column":1}}]},"6":{"type":"branch","line":16,"loc":{"start":{"line":16,"column":45},"end":{"line":21,"column":3}},"locations":[{"start":{"line":16,"column":45},"end":{"line":21,"column":3}}]},"7":{"type":"branch","line":18,"loc":{"start":{"line":18,"column":26},"end":{"line":18,"column":67}},"locations":[{"start":{"line":18,"column":26},"end":{"line":18,"column":67}}]},"8":{"type":"branch","line":18,"loc":{"start":{"line":18,"column":62},"end":{"line":18,"column":99}},"locations":[{"start":{"line":18,"column":62},"end":{"line":18,"column":99}}]},"9":{"type":"branch","line":18,"loc":{"start":{"line":18,"column":99},"end":{"line":20,"column":5}},"locations":[{"start":{"line":18,"column":99},"end":{"line":20,"column":5}}]},"10":{"type":"branch","line":21,"loc":{"start":{"line":21,"column":2},"end":{"line":24,"column":54}},"locations":[{"start":{"line":21,"column":2},"end":{"line":24,"column":54}}]},"11":{"type":"branch","line":24,"loc":{"start":{"line":24,"column":54},"end":{"line":28,"column":3}},"locations":[{"start":{"line":24,"column":54},"end":{"line":28,"column":3}}]},"12":{"type":"branch","line":25,"loc":{"start":{"line":25,"column":26},"end":{"line":25,"column":67}},"locations":[{"start":{"line":25,"column":26},"end":{"line":25,"column":67}}]},"13":{"type":"branch","line":25,"loc":{"start":{"line":25,"column":62},"end":{"line":25,"column":99}},"locations":[{"start":{"line":25,"column":62},"end":{"line":25,"column":99}}]},"14":{"type":"branch","line":25,"loc":{"start":{"line":25,"column":99},"end":{"line":27,"column":5}},"locations":[{"start":{"line":25,"column":99},"end":{"line":27,"column":5}}]},"15":{"type":"branch","line":28,"loc":{"start":{"line":28,"column":2},"end":{"line":31,"column":22}},"locations":[{"start":{"line":28,"column":2},"end":{"line":31,"column":22}}]},"16":{"type":"branch","line":31,"loc":{"start":{"line":31,"column":15},"end":{"line":31,"column":38}},"locations":[{"start":{"line":31,"column":15},"end":{"line":31,"column":38}}]},"17":{"type":"branch","line":31,"loc":{"start":{"line":31,"column":33},"end":{"line":31,"column":52}},"locations":[{"start":{"line":31,"column":33},"end":{"line":31,"column":52}}]},"18":{"type":"branch","line":31,"loc":{"start":{"line":31,"column":52},"end":{"line":33,"column":3}},"locations":[{"start":{"line":31,"column":52},"end":{"line":33,"column":3}}]},"19":{"type":"branch","line":33,"loc":{"start":{"line":33,"column":2},"end":{"line":36,"column":38}},"locations":[{"start":{"line":33,"column":2},"end":{"line":36,"column":38}}]},"20":{"type":"branch","line":33,"loc":{"start":{"line":33,"column":2},"end":{"line":36,"column":22}},"locations":[{"start":{"line":33,"column":2},"end":{"line":36,"column":22}}]},"21":{"type":"branch","line":36,"loc":{"start":{"line":36,"column":15},"end":{"line":36,"column":38}},"locations":[{"start":{"line":36,"column":15},"end":{"line":36,"column":38}}]},"22":{"type":"branch","line":36,"loc":{"start":{"line":36,"column":33},"end":{"line":36,"column":52}},"locations":[{"start":{"line":36,"column":33},"end":{"line":36,"column":52}}]},"23":{"type":"branch","line":36,"loc":{"start":{"line":36,"column":52},"end":{"line":38,"column":3}},"locations":[{"start":{"line":36,"column":52},"end":{"line":38,"column":3}}]},"24":{"type":"branch","line":38,"loc":{"start":{"line":38,"column":2},"end":{"line":41,"column":1}},"locations":[{"start":{"line":38,"column":2},"end":{"line":41,"column":1}}]}},"b":{"0":[1414],"1":[584],"2":[57],"3":[527],"4":[830],"5":[1414],"6":[3813],"7":[3581],"8":[2149],"9":[300],"10":[1114],"11":[3203],"12":[2783],"13":[488],"14":[139],"15":[975],"16":[563],"17":[205],"18":[37],"19":[945],"20":[938],"21":[937],"22":[327],"23":[108],"24":[830]},"fnMap":{"0":{"name":"hasWinner","decl":{"start":{"line":5,"column":7},"end":{"line":12,"column":1}},"loc":{"start":{"line":5,"column":7},"end":{"line":12,"column":1}},"line":5},"1":{"name":"findVictoriousCellValue","decl":{"start":{"line":14,"column":0},"end":{"line":41,"column":1}},"loc":{"start":{"line":14,"column":0},"end":{"line":41,"column":1}},"line":14}},"f":{"0":1414,"1":1414}}
,"/home/brian/Code/tic-tac-toe/src/app/core/minimax.ts": {"path":"/home/brian/Code/tic-tac-toe/src/app/core/minimax.ts","all":false,"statementMap":{"0":{"start":{"line":1,"column":0},"end":{"line":1,"column":37}},"1":{"start":{"line":2,"column":0},"end":{"line":2,"column":40}},"3":{"start":{"line":4,"column":0},"end":{"line":4,"column":107}},"4":{"start":{"line":5,"column":0},"end":{"line":5,"column":39}},"6":{"start":{"line":7,"column":0},"end":{"line":7,"column":30}},"7":{"start":{"line":8,"column":0},"end":{"line":8,"column":18}},"9":{"start":{"line":10,"column":0},"end":{"line":10,"column":33}},"10":{"start":{"line":11,"column":0},"end":{"line":11,"column":32}},"11":{"start":{"line":12,"column":0},"end":{"line":12,"column":28}},"12":{"start":{"line":13,"column":0},"end":{"line":13,"column":77}},"13":{"start":{"line":14,"column":0},"end":{"line":14,"column":28}},"14":{"start":{"line":15,"column":0},"end":{"line":15,"column":36}},"15":{"start":{"line":16,"column":0},"end":{"line":16,"column":34}},"16":{"start":{"line":17,"column":0},"end":{"line":17,"column":25}},"17":{"start":{"line":18,"column":0},"end":{"line":18,"column":13}},"18":{"start":{"line":19,"column":0},"end":{"line":19,"column":9}},"19":{"start":{"line":20,"column":0},"end":{"line":20,"column":5}},"20":{"start":{"line":21,"column":0},"end":{"line":21,"column":16}},"21":{"start":{"line":22,"column":0},"end":{"line":22,"column":1}},"23":{"start":{"line":24,"column":0},"end":{"line":24,"column":96}},"24":{"start":{"line":25,"column":0},"end":{"line":25,"column":46}},"25":{"start":{"line":26,"column":0},"end":{"line":26,"column":17}},"26":{"start":{"line":27,"column":0},"end":{"line":27,"column":5}},"28":{"start":{"line":29,"column":0},"end":{"line":29,"column":36}},"29":{"start":{"line":30,"column":0},"end":{"line":30,"column":49}},"30":{"start":{"line":31,"column":0},"end":{"line":31,"column":46}},"31":{"start":{"line":32,"column":0},"end":{"line":32,"column":52}},"33":{"start":{"line":34,"column":0},"end":{"line":34,"column":23}},"34":{"start":{"line":35,"column":0},"end":{"line":35,"column":34}},"35":{"start":{"line":36,"column":0},"end":{"line":36,"column":37}},"36":{"start":{"line":37,"column":0},"end":{"line":37,"column":35}},"37":{"start":{"line":38,"column":0},"end":{"line":38,"column":31}},"38":{"start":{"line":39,"column":0},"end":{"line":39,"column":73}},"39":{"start":{"line":40,"column":0},"end":{"line":40,"column":31}},"40":{"start":{"line":41,"column":0},"end":{"line":41,"column":55}},"41":{"start":{"line":42,"column":0},"end":{"line":42,"column":13}},"42":{"start":{"line":43,"column":0},"end":{"line":43,"column":9}},"43":{"start":{"line":44,"column":0},"end":{"line":44,"column":25}},"44":{"start":{"line":45,"column":0},"end":{"line":45,"column":12}},"45":{"start":{"line":46,"column":0},"end":{"line":46,"column":33}},"46":{"start":{"line":47,"column":0},"end":{"line":47,"column":37}},"47":{"start":{"line":48,"column":0},"end":{"line":48,"column":35}},"48":{"start":{"line":49,"column":0},"end":{"line":49,"column":31}},"49":{"start":{"line":50,"column":0},"end":{"line":50,"column":72}},"50":{"start":{"line":51,"column":0},"end":{"line":51,"column":31}},"51":{"start":{"line":52,"column":0},"end":{"line":52,"column":55}},"52":{"start":{"line":53,"column":0},"end":{"line":53,"column":13}},"53":{"start":{"line":54,"column":0},"end":{"line":54,"column":9}},"54":{"start":{"line":55,"column":0},"end":{"line":55,"column":25}},"55":{"start":{"line":56,"column":0},"end":{"line":56,"column":5}},"56":{"start":{"line":57,"column":0},"end":{"line":57,"column":1}}},"s":{"0":1,"1":1,"3":1,"4":2,"6":2,"7":2,"9":2,"10":18,"11":12,"12":12,"13":12,"14":12,"15":2,"16":2,"17":2,"18":12,"19":18,"20":2,"21":2,"23":1402,"24":1402,"25":0,"26":0,"28":1402,"29":1402,"30":1402,"31":1402,"33":1402,"34":418,"35":418,"36":3762,"37":821,"38":821,"39":821,"40":821,"41":821,"42":3762,"43":418,"44":1402,"45":301,"46":301,"47":2709,"48":569,"49":569,"50":569,"51":569,"52":569,"53":2709,"54":301,"55":301,"56":1402},"branchMap":{"0":{"type":"branch","line":4,"loc":{"start":{"line":4,"column":7},"end":{"line":22,"column":1}},"locations":[{"start":{"line":4,"column":7},"end":{"line":22,"column":1}}]},"1":{"type":"branch","line":10,"loc":{"start":{"line":10,"column":32},"end":{"line":20,"column":5}},"locations":[{"start":{"line":10,"column":32},"end":{"line":20,"column":5}}]},"2":{"type":"branch","line":11,"loc":{"start":{"line":11,"column":31},"end":{"line":19,"column":9}},"locations":[{"start":{"line":11,"column":31},"end":{"line":19,"column":9}}]},"3":{"type":"branch","line":15,"loc":{"start":{"line":15,"column":35},"end":{"line":18,"column":13}},"locations":[{"start":{"line":15,"column":35},"end":{"line":18,"column":13}}]},"4":{"type":"branch","line":24,"loc":{"start":{"line":24,"column":0},"end":{"line":57,"column":1}},"locations":[{"start":{"line":24,"column":0},"end":{"line":57,"column":1}}]},"5":{"type":"branch","line":25,"loc":{"start":{"line":25,"column":21},"end":{"line":25,"column":45}},"locations":[{"start":{"line":25,"column":21},"end":{"line":25,"column":45}}]},"6":{"type":"branch","line":25,"loc":{"start":{"line":25,"column":45},"end":{"line":27,"column":5}},"locations":[{"start":{"line":25,"column":45},"end":{"line":27,"column":5}}]},"7":{"type":"branch","line":30,"loc":{"start":{"line":30,"column":31},"end":{"line":30,"column":49}},"locations":[{"start":{"line":30,"column":31},"end":{"line":30,"column":49}}]},"8":{"type":"branch","line":30,"loc":{"start":{"line":30,"column":43},"end":{"line":31,"column":35}},"locations":[{"start":{"line":30,"column":43},"end":{"line":31,"column":35}}]},"9":{"type":"branch","line":31,"loc":{"start":{"line":31,"column":28},"end":{"line":31,"column":46}},"locations":[{"start":{"line":31,"column":28},"end":{"line":31,"column":46}}]},"10":{"type":"branch","line":31,"loc":{"start":{"line":31,"column":43},"end":{"line":32,"column":50}},"locations":[{"start":{"line":31,"column":43},"end":{"line":32,"column":50}}]},"11":{"type":"branch","line":32,"loc":{"start":{"line":32,"column":43},"end":{"line":32,"column":52}},"locations":[{"start":{"line":32,"column":43},"end":{"line":32,"column":52}}]},"12":{"type":"branch","line":32,"loc":{"start":{"line":32,"column":50},"end":{"line":34,"column":22}},"locations":[{"start":{"line":32,"column":50},"end":{"line":34,"column":22}}]},"13":{"type":"branch","line":34,"loc":{"start":{"line":34,"column":22},"end":{"line":45,"column":11}},"locations":[{"start":{"line":34,"column":22},"end":{"line":45,"column":11}}]},"14":{"type":"branch","line":36,"loc":{"start":{"line":36,"column":36},"end":{"line":43,"column":9}},"locations":[{"start":{"line":36,"column":36},"end":{"line":43,"column":9}}]},"15":{"type":"branch","line":37,"loc":{"start":{"line":37,"column":34},"end":{"line":42,"column":13}},"locations":[{"start":{"line":37,"column":34},"end":{"line":42,"column":13}}]},"16":{"type":"branch","line":45,"loc":{"start":{"line":45,"column":4},"end":{"line":56,"column":5}},"locations":[{"start":{"line":45,"column":4},"end":{"line":56,"column":5}}]},"17":{"type":"branch","line":47,"loc":{"start":{"line":47,"column":36},"end":{"line":54,"column":9}},"locations":[{"start":{"line":47,"column":36},"end":{"line":54,"column":9}}]},"18":{"type":"branch","line":48,"loc":{"start":{"line":48,"column":34},"end":{"line":53,"column":13}},"locations":[{"start":{"line":48,"column":34},"end":{"line":53,"column":13}}]},"19":{"type":"branch","line":32,"loc":{"start":{"line":32,"column":20},"end":{"line":32,"column":40}},"locations":[{"start":{"line":32,"column":20},"end":{"line":32,"column":40}}]}},"b":{"0":[2],"1":[18],"2":[12],"3":[2],"4":[1402],"5":[0],"6":[0],"7":[527],"8":[875],"9":[48],"10":[827],"11":[108],"12":[719],"13":[418],"14":[3762],"15":[821],"16":[301],"17":[2709],"18":[569],"19":[4330]},"fnMap":{"0":{"name":"findBestMove","decl":{"start":{"line":4,"column":7},"end":{"line":22,"column":1}},"loc":{"start":{"line":4,"column":7},"end":{"line":22,"column":1}},"line":4},"1":{"name":"minimax","decl":{"start":{"line":24,"column":0},"end":{"line":57,"column":1}},"loc":{"start":{"line":24,"column":0},"end":{"line":57,"column":1}},"line":24}},"f":{"0":2,"1":1402}}
,"/home/brian/Code/tic-tac-toe/src/app/core/state.ts": {"path":"/home/brian/Code/tic-tac-toe/src/app/core/state.ts","all":false,"statementMap":{"0":{"start":{"line":1,"column":0},"end":{"line":1,"column":34}},"1":{"start":{"line":2,"column":0},"end":{"line":2,"column":40}},"25":{"start":{"line":26,"column":0},"end":{"line":26,"column":33}},"26":{"start":{"line":27,"column":0},"end":{"line":27,"column":55}},"27":{"start":{"line":28,"column":0},"end":{"line":28,"column":21}},"28":{"start":{"line":29,"column":0},"end":{"line":29,"column":32}},"29":{"start":{"line":30,"column":0},"end":{"line":30,"column":25}},"30":{"start":{"line":31,"column":0},"end":{"line":31,"column":20}},"31":{"start":{"line":32,"column":0},"end":{"line":32,"column":16}},"40":{"start":{"line":41,"column":0},"end":{"line":41,"column":74}},"41":{"start":{"line":42,"column":0},"end":{"line":42,"column":42}},"43":{"start":{"line":44,"column":0},"end":{"line":44,"column":24}},"44":{"start":{"line":45,"column":0},"end":{"line":45,"column":33}},"45":{"start":{"line":46,"column":0},"end":{"line":46,"column":111}},"46":{"start":{"line":47,"column":0},"end":{"line":47,"column":42}},"47":{"start":{"line":48,"column":0},"end":{"line":48,"column":36}},"48":{"start":{"line":49,"column":0},"end":{"line":49,"column":7}},"49":{"start":{"line":50,"column":0},"end":{"line":50,"column":12}},"50":{"start":{"line":51,"column":0},"end":{"line":51,"column":35}},"51":{"start":{"line":52,"column":0},"end":{"line":52,"column":114}},"52":{"start":{"line":53,"column":0},"end":{"line":53,"column":42}},"53":{"start":{"line":54,"column":0},"end":{"line":54,"column":33}},"54":{"start":{"line":55,"column":0},"end":{"line":55,"column":7}},"55":{"start":{"line":56,"column":0},"end":{"line":56,"column":12}},"56":{"start":{"line":57,"column":0},"end":{"line":57,"column":27}},"57":{"start":{"line":58,"column":0},"end":{"line":58,"column":39}},"58":{"start":{"line":59,"column":0},"end":{"line":59,"column":43}},"59":{"start":{"line":60,"column":0},"end":{"line":60,"column":34}},"60":{"start":{"line":61,"column":0},"end":{"line":61,"column":12}},"63":{"start":{"line":64,"column":0},"end":{"line":64,"column":27}},"64":{"start":{"line":65,"column":0},"end":{"line":65,"column":25}},"65":{"start":{"line":66,"column":0},"end":{"line":66,"column":12}},"66":{"start":{"line":67,"column":0},"end":{"line":67,"column":54}},"67":{"start":{"line":68,"column":0},"end":{"line":68,"column":3}},"69":{"start":{"line":70,"column":0},"end":{"line":70,"column":26}},"70":{"start":{"line":71,"column":0},"end":{"line":71,"column":20}},"71":{"start":{"line":72,"column":0},"end":{"line":72,"column":1}},"73":{"start":{"line":74,"column":0},"end":{"line":74,"column":45}},"74":{"start":{"line":75,"column":0},"end":{"line":75,"column":38}},"75":{"start":{"line":76,"column":0},"end":{"line":76,"column":11}},"76":{"start":{"line":77,"column":0},"end":{"line":77,"column":3}},"78":{"start":{"line":79,"column":0},"end":{"line":79,"column":40}},"79":{"start":{"line":80,"column":0},"end":{"line":80,"column":29}},"80":{"start":{"line":81,"column":0},"end":{"line":81,"column":26}},"81":{"start":{"line":82,"column":0},"end":{"line":82,"column":34}},"82":{"start":{"line":83,"column":0},"end":{"line":83,"column":10}},"83":{"start":{"line":84,"column":0},"end":{"line":84,"column":78}},"84":{"start":{"line":85,"column":0},"end":{"line":85,"column":24}},"85":{"start":{"line":86,"column":0},"end":{"line":86,"column":26}},"86":{"start":{"line":87,"column":0},"end":{"line":87,"column":36}},"87":{"start":{"line":88,"column":0},"end":{"line":88,"column":5}},"88":{"start":{"line":89,"column":0},"end":{"line":89,"column":3}},"89":{"start":{"line":90,"column":0},"end":{"line":90,"column":1}}},"s":{"0":1,"1":1,"25":1,"26":1,"27":1,"28":1,"29":1,"30":1,"31":1,"40":1,"41":1,"43":1,"44":1,"45":0,"46":0,"47":0,"48":0,"49":0,"50":1,"51":1,"52":1,"53":1,"54":1,"55":1,"56":1,"57":0,"58":0,"59":0,"60":0,"63":1,"64":0,"65":1,"66":0,"67":1,"69":1,"70":1,"71":1,"73":1,"74":1,"75":0,"76":0,"78":1,"79":1,"80":0,"81":0,"82":1,"83":1,"84":1,"85":1,"86":1,"87":1,"88":1,"89":1},"branchMap":{"0":{"type":"branch","line":26,"loc":{"start":{"line":26,"column":25},"end":{"line":32,"column":16}},"locations":[{"start":{"line":26,"column":25},"end":{"line":32,"column":16}}]},"1":{"type":"branch","line":41,"loc":{"start":{"line":41,"column":7},"end":{"line":72,"column":1}},"locations":[{"start":{"line":41,"column":7},"end":{"line":72,"column":1}}]},"2":{"type":"branch","line":45,"loc":{"start":{"line":45,"column":4},"end":{"line":50,"column":12}},"locations":[{"start":{"line":45,"column":4},"end":{"line":50,"column":12}}]},"3":{"type":"branch","line":57,"loc":{"start":{"line":57,"column":4},"end":{"line":61,"column":12}},"locations":[{"start":{"line":57,"column":4},"end":{"line":61,"column":12}}]},"4":{"type":"branch","line":64,"loc":{"start":{"line":64,"column":4},"end":{"line":65,"column":25}},"locations":[{"start":{"line":64,"column":4},"end":{"line":65,"column":25}}]},"5":{"type":"branch","line":66,"loc":{"start":{"line":66,"column":4},"end":{"line":67,"column":54}},"locations":[{"start":{"line":66,"column":4},"end":{"line":67,"column":54}}]},"6":{"type":"branch","line":74,"loc":{"start":{"line":74,"column":0},"end":{"line":90,"column":1}},"locations":[{"start":{"line":74,"column":0},"end":{"line":90,"column":1}}]},"7":{"type":"branch","line":75,"loc":{"start":{"line":75,"column":37},"end":{"line":77,"column":3}},"locations":[{"start":{"line":75,"column":37},"end":{"line":77,"column":3}}]},"8":{"type":"branch","line":80,"loc":{"start":{"line":80,"column":28},"end":{"line":83,"column":9}},"locations":[{"start":{"line":80,"column":28},"end":{"line":83,"column":9}}]},"9":{"type":"branch","line":84,"loc":{"start":{"line":84,"column":42},"end":{"line":84,"column":62}},"locations":[{"start":{"line":84,"column":42},"end":{"line":84,"column":62}}]}},"b":{"0":[1],"1":[1],"2":[0],"3":[0],"4":[0],"5":[0],"6":[1],"7":[0],"8":[0],"9":[9]},"fnMap":{"0":{"name":"initState","decl":{"start":{"line":26,"column":25},"end":{"line":32,"column":16}},"loc":{"start":{"line":26,"column":25},"end":{"line":32,"column":16}},"line":26},"1":{"name":"reducer","decl":{"start":{"line":41,"column":7},"end":{"line":72,"column":1}},"loc":{"start":{"line":41,"column":7},"end":{"line":72,"column":1}},"line":41},"2":{"name":"updateGameStatus","decl":{"start":{"line":74,"column":0},"end":{"line":90,"column":1}},"loc":{"start":{"line":74,"column":0},"end":{"line":90,"column":1}},"line":74}},"f":{"0":1,"1":1,"2":1}}
,"/home/brian/Code/tic-tac-toe/src/server/main.bun.ts": {"path":"/home/brian/Code/tic-tac-toe/src/server/main.bun.ts","all":true,"statementMap":{"2":{"start":{"line":3,"column":0},"end":{"line":3,"column":54}},"4":{"start":{"line":5,"column":0},"end":{"line":5,"column":11}},"5":{"start":{"line":6,"column":0},"end":{"line":6,"column":13}},"7":{"start":{"line":8,"column":0},"end":{"line":8,"column":22}},"9":{"start":{"line":10,"column":0},"end":{"line":10,"column":30}},"10":{"start":{"line":11,"column":0},"end":{"line":11,"column":13}},"11":{"start":{"line":12,"column":0},"end":{"line":12,"column":5}},"12":{"start":{"line":13,"column":0},"end":{"line":13,"column":61}},"13":{"start":{"line":14,"column":0},"end":{"line":14,"column":4}},"15":{"start":{"line":16,"column":0},"end":{"line":16,"column":14}},"16":{"start":{"line":17,"column":0},"end":{"line":17,"column":27}},"17":{"start":{"line":18,"column":0},"end":{"line":18,"column":38}},"18":{"start":{"line":19,"column":0},"end":{"line":19,"column":6}},"19":{"start":{"line":20,"column":0},"end":{"line":20,"column":14}},"21":{"start":{"line":22,"column":0},"end":{"line":22,"column":28}},"22":{"start":{"line":23,"column":0},"end":{"line":23,"column":55}},"23":{"start":{"line":24,"column":0},"end":{"line":24,"column":28}},"24":{"start":{"line":25,"column":0},"end":{"line":25,"column":8}},"25":{"start":{"line":26,"column":0},"end":{"line":26,"column":32}},"27":{"start":{"line":28,"column":0},"end":{"line":28,"column":44}},"28":{"start":{"line":29,"column":0},"end":{"line":29,"column":6}},"29":{"start":{"line":30,"column":0},"end":{"line":30,"column":32}},"30":{"start":{"line":31,"column":0},"end":{"line":31,"column":47}},"31":{"start":{"line":32,"column":0},"end":{"line":32,"column":54}},"32":{"start":{"line":33,"column":0},"end":{"line":33,"column":6}},"33":{"start":{"line":34,"column":0},"end":{"line":34,"column":16}},"34":{"start":{"line":35,"column":0},"end":{"line":35,"column":6}},"35":{"start":{"line":36,"column":0},"end":{"line":36,"column":4}},"36":{"start":{"line":37,"column":0},"end":{"line":37,"column":3}}},"s":{"2":0,"4":0,"5":0,"7":0,"9":0,"10":0,"11":0,"12":0,"13":0,"15":0,"16":0,"17":0,"18":0,"19":0,"21":0,"22":0,"23":0,"24":0,"25":0,"27":0,"28":0,"29":0,"30":0,"31":0,"32":0,"33":0,"34":0,"35":0,"36":0},"branchMap":{"0":{"type":"branch","line":1,"loc":{"start":{"line":1,"column":854},"end":{"line":37,"column":3}},"locations":[{"start":{"line":1,"column":854},"end":{"line":37,"column":3}}]}},"b":{"0":[1]},"fnMap":{"0":{"name":"(empty-report)","decl":{"start":{"line":1,"column":854},"end":{"line":37,"column":3}},"loc":{"start":{"line":1,"column":854},"end":{"line":37,"column":3}},"line":1}},"f":{"0":1}}
}
